%!Adobe-FontList 1.16
%Locale:0x409

%BeginFont
Handler:DirectoryHandler
FontType:TrueType
FontName:Arial-BoldMT
FamilyName:Arial
StyleName:Bold
MenuName:Arial
StyleBits:2
WeightClass:700
WidthClass:5
AngleClass:0
FullName:Arial Bold
WritingScript:Roman
OutlineFileName:\Arial Bold.ttf
DataFormat:sfntData
FileLength:751104
FileModTime:1409292862
NameArray:0,Mac,4,Arial Bold
NameArray:0,Win,1,Arial
%EndFont

%BeginFont
Handler:DirectoryHandler
FontType:Invalid
OutlineFileName:\FrutiBolCn
FileModTime:1409292862
%EndFont

%BeginFont
Handler:DirectoryHandler
FontType:Invalid
OutlineFileName:\FrutiCn
FileModTime:1409292862
%EndFont

%BeginFont
Handler:DirectoryHandler
FontType:Invalid
OutlineFileName:\Frutiger Condensed
FileModTime:1409292862
%EndFont

%BeginFont
Handler:DirectoryHandler
FontType:Invalid
OutlineFileName:\FrutiLigCn
FileModTime:1409292862
%EndFont

%BeginFont
Handler:DirectoryHandler
FontType:Type1
FontName:MuseoSans-100
FamilyName:Museo Sans
StyleName:100
MenuName:Museo Sans 100
StyleBits:0
WeightClass:250
WidthClass:5
AngleClass:0
FullName:Museo Sans 100
WritingScript:Roman
OutlineFileName:\MuseoSans-100.otf
DataFormat:sfntData
UsesStandardEncoding:yes
isCFF:yes
FileLength:62420
FileModTime:1409292862
NameArray:0,Mac,4,Museo Sans 100
NameArray:0,Win,1,Museo Sans 100
NameArray:0,Win,16,Museo Sans
%EndFont

%BeginFont
Handler:DirectoryHandler
FontType:Type1
FontName:MuseoSans-300
FamilyName:Museo Sans
StyleName:300
MenuName:Museo Sans 300
StyleBits:0
WeightClass:300
WidthClass:5
AngleClass:0
FullName:Museo Sans 300
WritingScript:Roman
OutlineFileName:\MuseoSans-300.otf
DataFormat:sfntData
UsesStandardEncoding:yes
isCFF:yes
FileLength:62924
FileModTime:1409292862
NameArray:0,Mac,4,Museo Sans 300
NameArray:0,Win,1,Museo Sans 300
NameArray:0,Win,16,Museo Sans
%EndFont

%BeginFont
Handler:DirectoryHandler
FontType:Type1
FontName:MuseoSans-300Italic
FamilyName:Museo Sans
StyleName:300 Italic
MenuName:Museo Sans 300
StyleBits:1
WeightClass:300
WidthClass:5
AngleClass:0
FullName:Museo Sans 300 Italic
WritingScript:Roman
OutlineFileName:\MuseoSans-300Italic.otf
DataFormat:sfntData
UsesStandardEncoding:yes
isCFF:yes
FileLength:65164
FileModTime:1409292862
NameArray:0,Mac,4,Museo Sans 300 Italic
NameArray:0,Win,1,Museo Sans 300
NameArray:0,Win,16,Museo Sans
%EndFont

%BeginFont
Handler:DirectoryHandler
FontType:Type1
FontName:MuseoSans-500
FamilyName:Museo Sans
StyleName:500
MenuName:Museo Sans 500
StyleBits:0
WeightClass:400
WidthClass:5
AngleClass:0
FullName:Museo Sans 500
WritingScript:Roman
OutlineFileName:\MuseoSans_500.otf
DataFormat:sfntData
UsesStandardEncoding:yes
isCFF:yes
FileLength:62504
FileModTime:1409292862
NameArray:0,Mac,4,Museo Sans 500
NameArray:0,Win,1,Museo Sans 500
NameArray:0,Win,16,Museo Sans
%EndFont

%BeginFont
Handler:DirectoryHandler
FontType:Type1
FontName:MuseoSans-700
FamilyName:Museo Sans
StyleName:700
MenuName:Museo Sans 700
StyleBits:0
WeightClass:600
WidthClass:5
AngleClass:0
FullName:Museo Sans 700
WritingScript:Roman
OutlineFileName:\MuseoSans_700.otf
DataFormat:sfntData
UsesStandardEncoding:yes
isCFF:yes
FileLength:63568
FileModTime:1409292862
NameArray:0,Mac,4,Museo Sans 700
NameArray:0,Win,1,Museo Sans 700
NameArray:0,Win,16,Museo Sans
%EndFont

%BeginFont
Handler:DirectoryHandler
FontType:Type1
FontName:MyriadPro-Regular
FamilyName:Myriad Pro
StyleName:Regular
MenuName:Myriad Pro
StyleBits:0
WeightClass:400
WidthClass:5
AngleClass:0
FullName:Myriad Pro
WritingScript:Roman
OutlineFileName:\MyriadPro-Regular.otf
DataFormat:sfntData
UsesStandardEncoding:yes
isCFF:yes
FileLength:97072
FileModTime:1409292862
DesignSize:110
NameArray:0,Mac,4,Myriad Pro
NameArray:0,Win,1,Myriad Pro
%EndFont

